<?xml version="1.0" encoding="UTF-8"?>
<robot generator="Robot 3.1a1 (Python 3.7.0 on win32)" generated="20180926 13:01:58.225" rpa="false">
<suite id="s1" name="FreeCRMTests" source="C:\Python_WorkSpace\MyRobot\RF\FreeCRMTests.robot">
<kw name="Initialize Browser" library="Common" type="setup">
<arguments>
<arg>${BROWSER}</arg>
</arguments>
<kw name="Open Browser" library="SeleniumLibrary">
<doc>Opens a new browser instance to the given ``url``.</doc>
<arguments>
<arg>about:blank</arg>
<arg>${BROWSER}</arg>
</arguments>
<msg timestamp="20180926 13:02:00.926" level="INFO">Opening browser 'chrome' to base url 'about:blank'.</msg>
<status status="PASS" starttime="20180926 13:02:00.925" endtime="20180926 13:02:07.536"></status>
</kw>
<kw name="Maximize Browser Window" library="SeleniumLibrary">
<doc>Maximizes current browser window.</doc>
<status status="PASS" starttime="20180926 13:02:07.536" endtime="20180926 13:02:08.849"></status>
</kw>
<status status="PASS" starttime="20180926 13:02:00.924" endtime="20180926 13:02:08.849"></status>
</kw>
<test id="s1-t1" name="Verify FreeCRM Login">
<kw name="Enter Credentials" library="Freecrm1">
<arguments>
<arg>${URL}</arg>
<arg>${UNAME[0]}</arg>
<arg>${UPWD}</arg>
</arguments>
<kw name="Go To" library="SeleniumLibrary">
<doc>Navigates the active browser instance to the provided ``url``.</doc>
<arguments>
<arg>${URL}</arg>
</arguments>
<msg timestamp="20180926 13:02:08.852" level="INFO">Opening url 'https://www.freecrm.com/index.html'</msg>
<status status="PASS" starttime="20180926 13:02:08.852" endtime="20180926 13:02:10.101"></status>
</kw>
<kw name="Input Text" library="SeleniumLibrary">
<doc>Types the given ``text`` into text field identified by ``locator``.</doc>
<arguments>
<arg>xpath://form[@id='loginForm']/div/input[1]</arg>
<arg>${UNAME}</arg>
</arguments>
<msg timestamp="20180926 13:02:10.102" level="INFO">Typing text 'johnmau' into text field 'xpath://form[@id='loginForm']/div/input[1]'.</msg>
<kw name="Capture Page Screenshot" library="SeleniumLibrary">
<doc>Takes screenshot of the current page and embeds it into log file.</doc>
<msg timestamp="20180926 13:02:10.401" level="FAIL">NoSuchWindowException: Message: no such window: target window already closed
from unknown error: web view not found
  (Session info: chrome=69.0.3497.100)
  (Driver info: chromedriver=2.41.578737 (49da6702b16031c40d63e5618de03a32ff6c197e),platform=Windows NT 10.0.17134 x86_64)
</msg>
<status status="FAIL" starttime="20180926 13:02:10.105" endtime="20180926 13:02:10.401"></status>
</kw>
<msg timestamp="20180926 13:02:10.401" level="WARN">Keyword 'Capture Page Screenshot' could not be run on failure: NoSuchWindowException: Message: no such window: target window already closed
from unknown error: web view not found
  (Session info: chrome=69.0.3497.100)
  (Driver info: chromedriver=2.41.578737 (49da6702b16031c40d63e5618de03a32ff6c197e),platform=Windows NT 10.0.17134 x86_64)
</msg>
<msg timestamp="20180926 13:02:10.566" level="FAIL">NoSuchWindowException: Message: no such window: target window already closed
from unknown error: web view not found
  (Session info: chrome=69.0.3497.100)
  (Driver info: chromedriver=2.41.578737 (49da6702b16031c40d63e5618de03a32ff6c197e),platform=Windows NT 10.0.17134 x86_64)
</msg>
<status status="FAIL" starttime="20180926 13:02:10.101" endtime="20180926 13:02:10.566"></status>
</kw>
<status status="FAIL" starttime="20180926 13:02:08.851" endtime="20180926 13:02:10.567"></status>
</kw>
<doc>This is login Test case</doc>
<tags>
<tag>Smoke</tag>
</tags>
<status status="FAIL" starttime="20180926 13:02:08.850" endtime="20180926 13:02:10.631" critical="yes">NoSuchWindowException: Message: no such window: target window already closed
from unknown error: web view not found
  (Session info: chrome=69.0.3497.100)
  (Driver info: chromedriver=2.41.578737 (49da6702b16031c40d63e5618de03a32ff6c197e),platform=Windows NT 10.0.17134 x86_64)
</status>
</test>
<test id="s1-t2" name="Navigate to Contacts">
<kw name="Click Contacts Tab" library="Freecrm1">
<kw name="Select Frame" library="SeleniumLibrary">
<doc>Sets frame identified by ``locator`` as the current frame.</doc>
<arguments>
<arg>name:mainpanel</arg>
</arguments>
<msg timestamp="20180926 13:02:10.783" level="INFO">Selecting frame 'name:mainpanel'.</msg>
<kw name="Capture Page Screenshot" library="SeleniumLibrary">
<doc>Takes screenshot of the current page and embeds it into log file.</doc>
<msg timestamp="20180926 13:02:10.790" level="FAIL">NoSuchWindowException: Message: no such window: target window already closed
from unknown error: web view not found
  (Session info: chrome=69.0.3497.100)
  (Driver info: chromedriver=2.41.578737 (49da6702b16031c40d63e5618de03a32ff6c197e),platform=Windows NT 10.0.17134 x86_64)
</msg>
<status status="FAIL" starttime="20180926 13:02:10.785" endtime="20180926 13:02:10.790"></status>
</kw>
<msg timestamp="20180926 13:02:10.790" level="WARN">Keyword 'Capture Page Screenshot' could not be run on failure: NoSuchWindowException: Message: no such window: target window already closed
from unknown error: web view not found
  (Session info: chrome=69.0.3497.100)
  (Driver info: chromedriver=2.41.578737 (49da6702b16031c40d63e5618de03a32ff6c197e),platform=Windows NT 10.0.17134 x86_64)
</msg>
<msg timestamp="20180926 13:02:10.833" level="FAIL">NoSuchWindowException: Message: no such window: target window already closed
from unknown error: web view not found
  (Session info: chrome=69.0.3497.100)
  (Driver info: chromedriver=2.41.578737 (49da6702b16031c40d63e5618de03a32ff6c197e),platform=Windows NT 10.0.17134 x86_64)
</msg>
<status status="FAIL" starttime="20180926 13:02:10.783" endtime="20180926 13:02:10.834"></status>
</kw>
<status status="FAIL" starttime="20180926 13:02:10.782" endtime="20180926 13:02:10.834"></status>
</kw>
<doc>This test is for Contact tab navigation from Homepage</doc>
<tags>
<tag>Sanity</tag>
<tag>Smoke</tag>
</tags>
<status status="FAIL" starttime="20180926 13:02:10.781" endtime="20180926 13:02:10.835" critical="yes">NoSuchWindowException: Message: no such window: target window already closed
from unknown error: web view not found
  (Session info: chrome=69.0.3497.100)
  (Driver info: chromedriver=2.41.578737 (49da6702b16031c40d63e5618de03a32ff6c197e),platform=Windows NT 10.0.17134 x86_64)
</status>
</test>
<kw name="Teardown Browser" library="Common" type="teardown">
<kw name="Close Browser" library="SeleniumLibrary">
<doc>Closes the current browser.</doc>
<status status="PASS" starttime="20180926 13:02:10.838" endtime="20180926 13:02:13.170"></status>
</kw>
<status status="PASS" starttime="20180926 13:02:10.838" endtime="20180926 13:02:13.170"></status>
</kw>
<doc>This is FreeCRM - Robot Framework Practice Implementation</doc>
<status status="FAIL" starttime="20180926 13:01:58.232" endtime="20180926 13:02:13.170"></status>
</suite>
<statistics>
<total>
<stat pass="0" fail="2">Critical Tests</stat>
<stat pass="0" fail="2">All Tests</stat>
</total>
<tag>
<stat pass="0" fail="1">Sanity</stat>
<stat pass="0" fail="2">Smoke</stat>
</tag>
<suite>
<stat pass="0" fail="2" id="s1" name="FreeCRMTests">FreeCRMTests</stat>
</suite>
</statistics>
<errors>
<msg timestamp="20180926 13:02:10.401" level="WARN">Keyword 'Capture Page Screenshot' could not be run on failure: NoSuchWindowException: Message: no such window: target window already closed
from unknown error: web view not found
  (Session info: chrome=69.0.3497.100)
  (Driver info: chromedriver=2.41.578737 (49da6702b16031c40d63e5618de03a32ff6c197e),platform=Windows NT 10.0.17134 x86_64)
</msg>
<msg timestamp="20180926 13:02:10.790" level="WARN">Keyword 'Capture Page Screenshot' could not be run on failure: NoSuchWindowException: Message: no such window: target window already closed
from unknown error: web view not found
  (Session info: chrome=69.0.3497.100)
  (Driver info: chromedriver=2.41.578737 (49da6702b16031c40d63e5618de03a32ff6c197e),platform=Windows NT 10.0.17134 x86_64)
</msg>
</errors>
</robot>
